[debug] [2022-07-19T11:09:16.761Z] ----------------------------------------------------------------------
[debug] [2022-07-19T11:09:16.763Z] Command:       /Users/vincentlemesle/.nvm/versions/node/v12.22.0/bin/node /Users/vincentlemesle/.nvm/versions/node/v12.22.0/bin/firebase emulators:start --only functions
[debug] [2022-07-19T11:09:16.763Z] CLI Version:   10.6.0
[debug] [2022-07-19T11:09:16.763Z] Platform:      darwin
[debug] [2022-07-19T11:09:16.763Z] Node Version:  v12.22.0
[debug] [2022-07-19T11:09:16.763Z] Time:          Tue Jul 19 2022 13:09:16 GMT+0200 (Central European Summer Time)
[debug] [2022-07-19T11:09:16.764Z] ----------------------------------------------------------------------
[debug] 
[debug] [2022-07-19T11:09:16.766Z] >>> [apiv2][query] GET https://firebase-public.firebaseio.com/cli.json [none]
[debug] [2022-07-19T11:09:16.825Z] > command requires scopes: ["email","openid","https://www.googleapis.com/auth/cloudplatformprojects.readonly","https://www.googleapis.com/auth/firebase","https://www.googleapis.com/auth/cloud-platform"]
[debug] [2022-07-19T11:09:16.825Z] > authorizing via signed-in user (lemeslevincentpro@gmail.com)
[info] i  emulators: Starting emulators: functions {"metadata":{"emulator":{"name":"hub"},"message":"Starting emulators: functions"}}
[debug] [2022-07-19T11:09:16.836Z] [hub] writing locator at /var/folders/6c/b4sscwv52z57ph014w65lc_00000gn/T/hub-lighton-e6343.json
[warn] ⚠  functions: The following emulators are not running, calls to these services from the Functions emulator will affect production: auth, firestore, database, hosting, pubsub, storage {"metadata":{"emulator":{"name":"functions"},"message":"The following emulators are not running, calls to these services from the Functions emulator will affect production: \u001b[1mauth, firestore, database, hosting, pubsub, storage\u001b[22m"}}
[warn] ⚠  Your requested "node" version "14" doesn't match your global version "12". Using node@12 from host. {"metadata":{"emulator":{"name":"functions"},"message":"Your requested \"node\" version \"14\" doesn't match your global version \"12\". Using node@12 from host."}}
[debug] [2022-07-19T11:09:16.862Z] defaultcredentials: writing to file /Users/vincentlemesle/.config/firebase/lemeslevincentpro_gmail_com_application_default_credentials.json
[debug] [2022-07-19T11:09:16.865Z] Setting GAC to /Users/vincentlemesle/.config/firebase/lemeslevincentpro_gmail_com_application_default_credentials.json {"metadata":{"emulator":{"name":"functions"},"message":"Setting GAC to /Users/vincentlemesle/.config/firebase/lemeslevincentpro_gmail_com_application_default_credentials.json"}}
[debug] [2022-07-19T11:09:16.867Z] > refreshing access token with scopes: []
[debug] [2022-07-19T11:09:16.868Z] >>> HTTP REQUEST POST https://www.googleapis.com/oauth2/v3/token  
 <request body omitted>
[debug] [2022-07-19T11:09:16.943Z] <<< HTTP RESPONSE 200 {"pragma":"no-cache","cache-control":"no-cache, no-store, max-age=0, must-revalidate","expires":"Mon, 01 Jan 1990 00:00:00 GMT","date":"Tue, 19 Jul 2022 11:09:17 GMT","content-type":"application/json; charset=utf-8","vary":"X-Origin, Referer, Origin,Accept-Encoding","server":"scaffolding on HTTPServer2","x-xss-protection":"0","x-frame-options":"SAMEORIGIN","x-content-type-options":"nosniff","alt-svc":"h3=\":443\"; ma=2592000,h3-29=\":443\"; ma=2592000,h3-Q050=\":443\"; ma=2592000,h3-Q046=\":443\"; ma=2592000,h3-Q043=\":443\"; ma=2592000,quic=\":443\"; ma=2592000; v=\"46,43\"","accept-ranges":"none","transfer-encoding":"chunked"}
[debug] [2022-07-19T11:09:16.990Z] >>> [apiv2][query] GET https://firebase.googleapis.com/v1beta1/projects/lighton-e6343/adminSdkConfig [none]
[debug] [2022-07-19T11:09:17.106Z] <<< [apiv2][status] GET https://firebase-public.firebaseio.com/cli.json 200
[debug] [2022-07-19T11:09:17.106Z] <<< [apiv2][body] GET https://firebase-public.firebaseio.com/cli.json {"cloudBuildErrorAfter":1594252800000,"cloudBuildWarnAfter":1590019200000,"defaultNode10After":1594252800000,"minVersion":"3.0.5","node8DeploysDisabledAfter":1613390400000,"node8RuntimeDisabledAfter":1615809600000,"node8WarnAfter":1600128000000}
[debug] [2022-07-19T11:09:17.342Z] <<< [apiv2][status] GET https://firebase.googleapis.com/v1beta1/projects/lighton-e6343/adminSdkConfig 200
[debug] [2022-07-19T11:09:17.342Z] <<< [apiv2][body] GET https://firebase.googleapis.com/v1beta1/projects/lighton-e6343/adminSdkConfig {"projectId":"lighton-e6343","databaseURL":"https://lighton-e6343-default-rtdb.europe-west1.firebasedatabase.app","storageBucket":"lighton-e6343.appspot.com","locationId":"europe-west"}
[debug] [2022-07-19T11:09:17.371Z] Ignoring unsupported arg: auto_download {"metadata":{"emulator":{"name":"ui"},"message":"Ignoring unsupported arg: auto_download"}}
[debug] [2022-07-19T11:09:17.371Z] Ignoring unsupported arg: port {"metadata":{"emulator":{"name":"ui"},"message":"Ignoring unsupported arg: port"}}
[debug] [2022-07-19T11:09:17.371Z] Starting Emulator UI with command {"binary":"node","args":["/Users/vincentlemesle/.cache/firebase/emulators/ui-v1.6.5/server.bundle.js"],"optionalArgs":[],"joinArgs":false} {"metadata":{"emulator":{"name":"ui"},"message":"Starting Emulator UI with command {\"binary\":\"node\",\"args\":[\"/Users/vincentlemesle/.cache/firebase/emulators/ui-v1.6.5/server.bundle.js\"],\"optionalArgs\":[],\"joinArgs\":false}"}}
[info] i  ui: Emulator UI logging to ui-debug.log {"metadata":{"emulator":{"name":"ui"},"message":"Emulator UI logging to \u001b[1mui-debug.log\u001b[22m"}}
[debug] [2022-07-19T11:09:17.456Z] Web / API server started at localhost:4000
 {"metadata":{"emulator":{"name":"ui"},"message":"Web / API server started at localhost:4000\n"}}
[info] i  functions: Watching "/Users/vincentlemesle/perso/LightOn/functions" for Cloud Functions... {"metadata":{"emulator":{"name":"functions"},"message":"Watching \"/Users/vincentlemesle/perso/LightOn/functions\" for Cloud Functions..."}}
[debug] [2022-07-19T11:09:17.637Z] Validating nodejs source
[debug] [2022-07-19T11:09:18.818Z] > [functions] package.json contents: {
  "name": "functions",
  "scripts": {
    "lint": "eslint --ext .js,.ts .",
    "build": "tsc",
    "serve": "npm run build && firebase emulators:start --only functions",
    "shell": "npm run build && firebase functions:shell",
    "start": "npm run shell",
    "deploy": "firebase deploy --only functions",
    "logs": "firebase functions:log"
  },
  "engines": {
    "node": "14"
  },
  "main": "lib/index.js",
  "dependencies": {
    "axios": "^0.27.2",
    "body-parser": "^1.20.0",
    "cors": "^2.8.5",
    "express": "^4.18.1",
    "firebase-admin": "^9.8.0",
    "firebase-functions": "^3.14.1"
  },
  "devDependencies": {
    "@typescript-eslint/eslint-plugin": "^3.9.1",
    "@typescript-eslint/parser": "^3.8.0",
    "eslint": "^7.6.0",
    "eslint-config-google": "^0.14.0",
    "eslint-plugin-import": "^2.22.0",
    "firebase-functions-test": "^0.2.0",
    "typescript": "^3.8.0"
  },
  "private": true
}
[debug] [2022-07-19T11:09:18.819Z] Building nodejs source
[debug] [2022-07-19T11:09:18.819Z] Analyzing nodejs backend spec
[info] ✔  functions[us-central1-api]: http function initialized (http://0.0.0.0:5001/lighton-e6343/us-central1/api). {"metadata":{"emulator":{"name":"functions"},"message":"\u001b[1mhttp\u001b[22m function initialized (http://0.0.0.0:5001/lighton-e6343/us-central1/api)."}}
[info] 
┌─────────────────────────────────────────────────────────────┐
│ ✔  All emulators ready! It is now safe to connect your app. │
│ i  View Emulator UI at http://localhost:4000                │
└─────────────────────────────────────────────────────────────┘

┌───────────┬──────────────┬─────────────────────────────────┐
│ Emulator  │ Host:Port    │ View in Emulator UI             │
├───────────┼──────────────┼─────────────────────────────────┤
│ Functions │ 0.0.0.0:5001 │ http://localhost:4000/functions │
└───────────┴──────────────┴─────────────────────────────────┘
  Emulator Hub running at localhost:4400
  Other reserved ports: 4500

Issues? Report them at https://github.com/firebase/firebase-tools/issues and attach the *-debug.log files.
 
[debug] [2022-07-19T11:09:48.353Z] [work-queue] {"queueLength":1,"workRunningCount":0}
[debug] [2022-07-19T11:09:48.353Z] [work-queue] {"queueLength":0,"workRunningCount":1}
[debug] [2022-07-19T11:09:48.354Z] Accepted request GET /lighton-e6343/us-central1/api/places/nearby?type=restaurant --> us-central1-api
[debug] [2022-07-19T11:09:48.362Z] [worker-pool] addWorker(us-central1-api) {"metadata":{"emulator":{"name":"functions"},"message":"[worker-pool] addWorker(us-central1-api)"}}
[debug] [2022-07-19T11:09:48.363Z] [worker-pool] Adding worker with key us-central1-api, total=1 {"metadata":{"emulator":{"name":"functions"},"message":"[worker-pool] Adding worker with key us-central1-api, total=1"}}
[debug] [2022-07-19T11:09:48.363Z] [worker-pool] submitWork(triggerId=us-central1-api) {"metadata":{"emulator":{"name":"functions"},"message":"[worker-pool] submitWork(triggerId=us-central1-api)"}}
[debug] [2022-07-19T11:09:48.364Z] [worker-us-central1-api-06337d04-f3fc-4692-9aac-81be522ba2cf]: Assigning socketPath: /var/folders/6c/b4sscwv52z57ph014w65lc_00000gn/T/fire_emu_7481.sock {"metadata":{"emulator":{"name":"functions"},"message":"[worker-us-central1-api-06337d04-f3fc-4692-9aac-81be522ba2cf]: Assigning socketPath: /var/folders/6c/b4sscwv52z57ph014w65lc_00000gn/T/fire_emu_7481.sock"}}
[debug] [2022-07-19T11:09:48.364Z] [worker-us-central1-api-06337d04-f3fc-4692-9aac-81be522ba2cf]: BUSY {"metadata":{"emulator":{"name":"functions"},"message":"[worker-us-central1-api-06337d04-f3fc-4692-9aac-81be522ba2cf]: BUSY"}}
[debug] [2022-07-19T11:09:49.770Z] [runtime-status] [7481] Functions runtime initialized. {"cwd":"/Users/vincentlemesle/perso/LightOn/functions","node_version":"12.22.0"} {"metadata":{"emulator":{"name":"functions"},"function":{"name":"us-central1-api"},"extension":{},"message":"[runtime-status] [7481] Functions runtime initialized. {\"cwd\":\"/Users/vincentlemesle/perso/LightOn/functions\",\"node_version\":\"12.22.0\"}"}}
[debug] [2022-07-19T11:09:49.771Z] [runtime-status] [7481] Disabled runtime features: undefined {"metadata":{"emulator":{"name":"functions"},"function":{"name":"us-central1-api"},"extension":{},"message":"[runtime-status] [7481] Disabled runtime features: undefined"}}
[debug] [2022-07-19T11:09:49.773Z] [runtime-status] [7481] Resolved module firebase-admin {"declared":true,"installed":true,"version":"9.12.0","resolution":"/Users/vincentlemesle/perso/LightOn/functions/node_modules/firebase-admin/lib/index.js"} {"metadata":{"emulator":{"name":"functions"},"function":{"name":"us-central1-api"},"extension":{},"message":"[runtime-status] [7481] Resolved module firebase-admin {\"declared\":true,\"installed\":true,\"version\":\"9.12.0\",\"resolution\":\"/Users/vincentlemesle/perso/LightOn/functions/node_modules/firebase-admin/lib/index.js\"}"}}
[debug] [2022-07-19T11:09:49.774Z] [runtime-status] [7481] Resolved module firebase-functions {"declared":true,"installed":true,"version":"3.22.0","resolution":"/Users/vincentlemesle/perso/LightOn/functions/node_modules/firebase-functions/lib/index.js"} {"metadata":{"emulator":{"name":"functions"},"function":{"name":"us-central1-api"},"extension":{},"message":"[runtime-status] [7481] Resolved module firebase-functions {\"declared\":true,\"installed\":true,\"version\":\"3.22.0\",\"resolution\":\"/Users/vincentlemesle/perso/LightOn/functions/node_modules/firebase-functions/lib/index.js\"}"}}
[debug] [2022-07-19T11:09:49.774Z] [runtime-status] [7481] Outgoing network have been stubbed. [{"name":"http","status":"mocked"},{"name":"http","status":"mocked"},{"name":"https","status":"mocked"},{"name":"https","status":"mocked"},{"name":"net","status":"mocked"}] {"metadata":{"emulator":{"name":"functions"},"function":{"name":"us-central1-api"},"extension":{},"message":"[runtime-status] [7481] Outgoing network have been stubbed. [{\"name\":\"http\",\"status\":\"mocked\"},{\"name\":\"http\",\"status\":\"mocked\"},{\"name\":\"https\",\"status\":\"mocked\"},{\"name\":\"https\",\"status\":\"mocked\"},{\"name\":\"net\",\"status\":\"mocked\"}]"}}
[debug] [2022-07-19T11:09:49.775Z] [runtime-status] [7481] Resolved module firebase-functions {"declared":true,"installed":true,"version":"3.22.0","resolution":"/Users/vincentlemesle/perso/LightOn/functions/node_modules/firebase-functions/lib/index.js"} {"metadata":{"emulator":{"name":"functions"},"function":{"name":"us-central1-api"},"extension":{},"message":"[runtime-status] [7481] Resolved module firebase-functions {\"declared\":true,\"installed\":true,\"version\":\"3.22.0\",\"resolution\":\"/Users/vincentlemesle/perso/LightOn/functions/node_modules/firebase-functions/lib/index.js\"}"}}
[debug] [2022-07-19T11:09:49.820Z] [runtime-status] [7481] Checked functions.config() {"config":{}} {"metadata":{"emulator":{"name":"functions"},"function":{"name":"us-central1-api"},"extension":{},"message":"[runtime-status] [7481] Checked functions.config() {\"config\":{}}"}}
[debug] [2022-07-19T11:09:49.821Z] [runtime-status] [7481] firebase-functions has been stubbed. {"functionsResolution":{"declared":true,"installed":true,"version":"3.22.0","resolution":"/Users/vincentlemesle/perso/LightOn/functions/node_modules/firebase-functions/lib/index.js"}} {"metadata":{"emulator":{"name":"functions"},"function":{"name":"us-central1-api"},"extension":{},"message":"[runtime-status] [7481] firebase-functions has been stubbed. {\"functionsResolution\":{\"declared\":true,\"installed\":true,\"version\":\"3.22.0\",\"resolution\":\"/Users/vincentlemesle/perso/LightOn/functions/node_modules/firebase-functions/lib/index.js\"}}"}}
[debug] [2022-07-19T11:09:49.821Z] [runtime-status] [7481] Resolved module firebase-functions {"declared":true,"installed":true,"version":"3.22.0","resolution":"/Users/vincentlemesle/perso/LightOn/functions/node_modules/firebase-functions/lib/index.js"} {"metadata":{"emulator":{"name":"functions"},"function":{"name":"us-central1-api"},"extension":{},"message":"[runtime-status] [7481] Resolved module firebase-functions {\"declared\":true,\"installed\":true,\"version\":\"3.22.0\",\"resolution\":\"/Users/vincentlemesle/perso/LightOn/functions/node_modules/firebase-functions/lib/index.js\"}"}}
[debug] [2022-07-19T11:09:49.822Z] [runtime-status] [7481] Resolved module firebase-admin {"declared":true,"installed":true,"version":"9.12.0","resolution":"/Users/vincentlemesle/perso/LightOn/functions/node_modules/firebase-admin/lib/index.js"} {"metadata":{"emulator":{"name":"functions"},"function":{"name":"us-central1-api"},"extension":{},"message":"[runtime-status] [7481] Resolved module firebase-admin {\"declared\":true,\"installed\":true,\"version\":\"9.12.0\",\"resolution\":\"/Users/vincentlemesle/perso/LightOn/functions/node_modules/firebase-admin/lib/index.js\"}"}}
[debug] [2022-07-19T11:09:49.822Z] [runtime-status] [7481] Resolved module firebase-functions {"declared":true,"installed":true,"version":"3.22.0","resolution":"/Users/vincentlemesle/perso/LightOn/functions/node_modules/firebase-functions/lib/index.js"} {"metadata":{"emulator":{"name":"functions"},"function":{"name":"us-central1-api"},"extension":{},"message":"[runtime-status] [7481] Resolved module firebase-functions {\"declared\":true,\"installed\":true,\"version\":\"3.22.0\",\"resolution\":\"/Users/vincentlemesle/perso/LightOn/functions/node_modules/firebase-functions/lib/index.js\"}"}}
[debug] [2022-07-19T11:09:49.823Z] [runtime-status] [7481] firebase-admin has been stubbed. {"adminResolution":{"declared":true,"installed":true,"version":"9.12.0","resolution":"/Users/vincentlemesle/perso/LightOn/functions/node_modules/firebase-admin/lib/index.js"}} {"metadata":{"emulator":{"name":"functions"},"function":{"name":"us-central1-api"},"extension":{},"message":"[runtime-status] [7481] firebase-admin has been stubbed. {\"adminResolution\":{\"declared\":true,\"installed\":true,\"version\":\"9.12.0\",\"resolution\":\"/Users/vincentlemesle/perso/LightOn/functions/node_modules/firebase-admin/lib/index.js\"}}"}}
[debug] [2022-07-19T11:09:49.969Z] [runtime-status] [7481] initializeApp(DEFAULT) {"databaseURL":"https://social-network-b2616-default-rtdb.europe-west1.firebasedatabase.app","credential":{"implicit":true,"refreshToken":{"clientId":"563584335869-fgrhgmd47bqnekij5i8b5pr03ho849e6.apps.googleusercontent.com","clientSecret":"j9iVZfS8kkCEFUPaAeJV0sAi","refreshToken":"1//03QttG8UPFJIACgYIARAAGAMSNgF-L9IrHIGhAht0KD_wWwX1ZvclZb8fiSRFbtTDreotZAPs0jHQLwXrP8f46bb7IF-BbZ1cMQ","type":"authorized_user"},"httpClient":{"retry":{"maxRetries":4,"statusCodes":[503],"ioErrorCodes":["ECONNRESET","ETIMEDOUT"],"backOffFactor":0.5,"maxDelayInMillis":60000}}}} {"metadata":{"emulator":{"name":"functions"},"function":{"name":"us-central1-api"},"extension":{},"message":"[runtime-status] [7481] initializeApp(DEFAULT) {\"databaseURL\":\"https://social-network-b2616-default-rtdb.europe-west1.firebasedatabase.app\",\"credential\":{\"implicit\":true,\"refreshToken\":{\"clientId\":\"563584335869-fgrhgmd47bqnekij5i8b5pr03ho849e6.apps.googleusercontent.com\",\"clientSecret\":\"j9iVZfS8kkCEFUPaAeJV0sAi\",\"refreshToken\":\"1//03QttG8UPFJIACgYIARAAGAMSNgF-L9IrHIGhAht0KD_wWwX1ZvclZb8fiSRFbtTDreotZAPs0jHQLwXrP8f46bb7IF-BbZ1cMQ\",\"type\":\"authorized_user\"},\"httpClient\":{\"retry\":{\"maxRetries\":4,\"statusCodes\":[503],\"ioErrorCodes\":[\"ECONNRESET\",\"ETIMEDOUT\"],\"backOffFactor\":0.5,\"maxDelayInMillis\":60000}}}}"}}
[debug] [2022-07-19T11:09:49.972Z] [runtime-status] [7481] Beginning invocation function api! {"metadata":{"emulator":{"name":"functions"},"function":{"name":"us-central1-api"},"extension":{},"message":"[runtime-status] [7481] Beginning invocation function api!"}}
[info] i  functions: Beginning execution of "api" {"metadata":{"emulator":{"name":"functions"},"function":{"name":"us-central1-api"},"extension":{},"message":"Beginning execution of \"api\""}}
[debug] [2022-07-19T11:09:49.973Z] [runtime-status] [7481] Running api in signature http {"metadata":{"emulator":{"name":"functions"},"function":{"name":"us-central1-api"},"extension":{},"message":"[runtime-status] [7481] Running api in signature http"}}
[debug] [2022-07-19T11:09:49.975Z] [runtime-status] [7481] Attempting to listen to socketPath: /var/folders/6c/b4sscwv52z57ph014w65lc_00000gn/T/fire_emu_7481.sock {"metadata":{"emulator":{"name":"functions"},"function":{"name":"us-central1-api"},"extension":{},"message":"[runtime-status] [7481] Attempting to listen to socketPath: /var/folders/6c/b4sscwv52z57ph014w65lc_00000gn/T/fire_emu_7481.sock"}}
[debug] [2022-07-19T11:09:49.979Z] [functions] Runtime ready! Sending request! {"metadata":{"emulator":{"name":"functions"},"message":"[functions] Runtime ready! Sending request!"}}
[debug] [2022-07-19T11:09:49.980Z] [functions] Got req.url=/lighton-e6343/us-central1/api/places/nearby?type=restaurant, mapping to path=/places/nearby?type=restaurant {"metadata":{"emulator":{"name":"functions"},"message":"[functions] Got req.url=/lighton-e6343/us-central1/api/places/nearby?type=restaurant, mapping to path=/places/nearby?type=restaurant"}}
[debug] [2022-07-19T11:09:49.985Z] [runtime-status] [7481] Ephemeral server handling GET request {"metadata":{"emulator":{"name":"functions"},"function":{"name":"us-central1-api"},"extension":{},"message":"[runtime-status] [7481] Ephemeral server handling GET request"}}
[debug] [2022-07-19T11:09:50.013Z] [runtime-status] [7481] Ephemeral server survived. {"metadata":{"emulator":{"name":"functions"},"function":{"name":"us-central1-api"},"extension":{},"message":"[runtime-status] [7481] Ephemeral server survived."}}
[info] i  functions: Finished "api" in ~1s {"metadata":{"emulator":{"name":"functions"},"function":{"name":"us-central1-api"},"extension":{},"message":"Finished \"api\" in ~1s"}}
[debug] [2022-07-19T11:09:50.437Z] [worker-us-central1-api-06337d04-f3fc-4692-9aac-81be522ba2cf]: IDLE {"metadata":{"emulator":{"name":"functions"},"message":"[worker-us-central1-api-06337d04-f3fc-4692-9aac-81be522ba2cf]: IDLE"}}
[debug] [2022-07-19T11:09:50.438Z] [work-queue] {"queueLength":0,"workRunningCount":0}
[debug] [2022-07-19T11:10:12.122Z] [work-queue] {"queueLength":1,"workRunningCount":0}
[debug] [2022-07-19T11:10:12.122Z] [work-queue] {"queueLength":0,"workRunningCount":1}
[debug] [2022-07-19T11:10:12.122Z] Accepted request GET /lighton-e6343/us-central1/api/places/nearby?type=restaurant --> us-central1-api
[debug] [2022-07-19T11:10:12.122Z] [worker-pool] submitWork(triggerId=us-central1-api) {"metadata":{"emulator":{"name":"functions"},"message":"[worker-pool] submitWork(triggerId=us-central1-api)"}}
[debug] [2022-07-19T11:10:12.122Z] [worker-us-central1-api-06337d04-f3fc-4692-9aac-81be522ba2cf]: Assigning socketPath: /var/folders/6c/b4sscwv52z57ph014w65lc_00000gn/T/fire_emu_7481.sock {"metadata":{"emulator":{"name":"functions"},"message":"[worker-us-central1-api-06337d04-f3fc-4692-9aac-81be522ba2cf]: Assigning socketPath: /var/folders/6c/b4sscwv52z57ph014w65lc_00000gn/T/fire_emu_7481.sock"}}
[debug] [2022-07-19T11:10:12.122Z] [worker-us-central1-api-06337d04-f3fc-4692-9aac-81be522ba2cf]: BUSY {"metadata":{"emulator":{"name":"functions"},"message":"[worker-us-central1-api-06337d04-f3fc-4692-9aac-81be522ba2cf]: BUSY"}}
[debug] [2022-07-19T11:10:12.123Z] [runtime-status] [7481] Beginning invocation function api! {"metadata":{"emulator":{"name":"functions"},"function":{"name":"us-central1-api"},"extension":{},"message":"[runtime-status] [7481] Beginning invocation function api!"}}
[info] i  functions: Beginning execution of "api" {"metadata":{"emulator":{"name":"functions"},"function":{"name":"us-central1-api"},"extension":{},"message":"Beginning execution of \"api\""}}
[debug] [2022-07-19T11:10:12.123Z] [runtime-status] [7481] Running api in signature http {"metadata":{"emulator":{"name":"functions"},"function":{"name":"us-central1-api"},"extension":{},"message":"[runtime-status] [7481] Running api in signature http"}}
[debug] [2022-07-19T11:10:12.124Z] [runtime-status] [7481] Attempting to listen to socketPath: /var/folders/6c/b4sscwv52z57ph014w65lc_00000gn/T/fire_emu_7481.sock {"metadata":{"emulator":{"name":"functions"},"function":{"name":"us-central1-api"},"extension":{},"message":"[runtime-status] [7481] Attempting to listen to socketPath: /var/folders/6c/b4sscwv52z57ph014w65lc_00000gn/T/fire_emu_7481.sock"}}
[debug] [2022-07-19T11:10:12.125Z] [functions] Runtime ready! Sending request! {"metadata":{"emulator":{"name":"functions"},"message":"[functions] Runtime ready! Sending request!"}}
[debug] [2022-07-19T11:10:12.126Z] [functions] Got req.url=/lighton-e6343/us-central1/api/places/nearby?type=restaurant, mapping to path=/places/nearby?type=restaurant {"metadata":{"emulator":{"name":"functions"},"message":"[functions] Got req.url=/lighton-e6343/us-central1/api/places/nearby?type=restaurant, mapping to path=/places/nearby?type=restaurant"}}
[debug] [2022-07-19T11:10:12.128Z] [runtime-status] [7481] Ephemeral server handling GET request {"metadata":{"emulator":{"name":"functions"},"function":{"name":"us-central1-api"},"extension":{},"message":"[runtime-status] [7481] Ephemeral server handling GET request"}}
[debug] [2022-07-19T11:10:12.130Z] [runtime-status] [7481] Ephemeral server survived. {"metadata":{"emulator":{"name":"functions"},"function":{"name":"us-central1-api"},"extension":{},"message":"[runtime-status] [7481] Ephemeral server survived."}}
[info] i  functions: Finished "api" in ~1s {"metadata":{"emulator":{"name":"functions"},"function":{"name":"us-central1-api"},"extension":{},"message":"Finished \"api\" in ~1s"}}
[debug] [2022-07-19T11:10:12.351Z] [worker-us-central1-api-06337d04-f3fc-4692-9aac-81be522ba2cf]: IDLE {"metadata":{"emulator":{"name":"functions"},"message":"[worker-us-central1-api-06337d04-f3fc-4692-9aac-81be522ba2cf]: IDLE"}}
[debug] [2022-07-19T11:10:12.351Z] [work-queue] {"queueLength":0,"workRunningCount":0}
[debug] [2022-07-19T11:10:43.179Z] [work-queue] {"queueLength":1,"workRunningCount":0}
[debug] [2022-07-19T11:10:43.179Z] [work-queue] {"queueLength":0,"workRunningCount":1}
[debug] [2022-07-19T11:10:43.179Z] Accepted request GET /lighton-e6343/us-central1/api/places/nearby?type=restaurant --> us-central1-api
[debug] [2022-07-19T11:10:43.180Z] [worker-pool] submitWork(triggerId=us-central1-api) {"metadata":{"emulator":{"name":"functions"},"message":"[worker-pool] submitWork(triggerId=us-central1-api)"}}
[debug] [2022-07-19T11:10:43.180Z] [worker-us-central1-api-06337d04-f3fc-4692-9aac-81be522ba2cf]: Assigning socketPath: /var/folders/6c/b4sscwv52z57ph014w65lc_00000gn/T/fire_emu_7481.sock {"metadata":{"emulator":{"name":"functions"},"message":"[worker-us-central1-api-06337d04-f3fc-4692-9aac-81be522ba2cf]: Assigning socketPath: /var/folders/6c/b4sscwv52z57ph014w65lc_00000gn/T/fire_emu_7481.sock"}}
[debug] [2022-07-19T11:10:43.180Z] [worker-us-central1-api-06337d04-f3fc-4692-9aac-81be522ba2cf]: BUSY {"metadata":{"emulator":{"name":"functions"},"message":"[worker-us-central1-api-06337d04-f3fc-4692-9aac-81be522ba2cf]: BUSY"}}
[debug] [2022-07-19T11:10:43.180Z] [runtime-status] [7481] Beginning invocation function api! {"metadata":{"emulator":{"name":"functions"},"function":{"name":"us-central1-api"},"extension":{},"message":"[runtime-status] [7481] Beginning invocation function api!"}}
[info] i  functions: Beginning execution of "api" {"metadata":{"emulator":{"name":"functions"},"function":{"name":"us-central1-api"},"extension":{},"message":"Beginning execution of \"api\""}}
[debug] [2022-07-19T11:10:43.180Z] [runtime-status] [7481] Running api in signature http {"metadata":{"emulator":{"name":"functions"},"function":{"name":"us-central1-api"},"extension":{},"message":"[runtime-status] [7481] Running api in signature http"}}
[debug] [2022-07-19T11:10:43.181Z] [runtime-status] [7481] Attempting to listen to socketPath: /var/folders/6c/b4sscwv52z57ph014w65lc_00000gn/T/fire_emu_7481.sock {"metadata":{"emulator":{"name":"functions"},"function":{"name":"us-central1-api"},"extension":{},"message":"[runtime-status] [7481] Attempting to listen to socketPath: /var/folders/6c/b4sscwv52z57ph014w65lc_00000gn/T/fire_emu_7481.sock"}}
[debug] [2022-07-19T11:10:43.182Z] [functions] Runtime ready! Sending request! {"metadata":{"emulator":{"name":"functions"},"message":"[functions] Runtime ready! Sending request!"}}
[debug] [2022-07-19T11:10:43.182Z] [functions] Got req.url=/lighton-e6343/us-central1/api/places/nearby?type=restaurant, mapping to path=/places/nearby?type=restaurant {"metadata":{"emulator":{"name":"functions"},"message":"[functions] Got req.url=/lighton-e6343/us-central1/api/places/nearby?type=restaurant, mapping to path=/places/nearby?type=restaurant"}}
[debug] [2022-07-19T11:10:43.184Z] [runtime-status] [7481] Ephemeral server handling GET request {"metadata":{"emulator":{"name":"functions"},"function":{"name":"us-central1-api"},"extension":{},"message":"[runtime-status] [7481] Ephemeral server handling GET request"}}
[debug] [2022-07-19T11:10:43.186Z] [runtime-status] [7481] Ephemeral server survived. {"metadata":{"emulator":{"name":"functions"},"function":{"name":"us-central1-api"},"extension":{},"message":"[runtime-status] [7481] Ephemeral server survived."}}
[info] i  functions: Finished "api" in ~1s {"metadata":{"emulator":{"name":"functions"},"function":{"name":"us-central1-api"},"extension":{},"message":"Finished \"api\" in ~1s"}}
[debug] [2022-07-19T11:10:43.446Z] [worker-us-central1-api-06337d04-f3fc-4692-9aac-81be522ba2cf]: IDLE {"metadata":{"emulator":{"name":"functions"},"message":"[worker-us-central1-api-06337d04-f3fc-4692-9aac-81be522ba2cf]: IDLE"}}
[debug] [2022-07-19T11:10:43.446Z] [work-queue] {"queueLength":0,"workRunningCount":0}
[debug] [2022-07-19T11:10:56.581Z] [work-queue] {"queueLength":1,"workRunningCount":0}
[debug] [2022-07-19T11:10:56.581Z] [work-queue] {"queueLength":0,"workRunningCount":1}
[debug] [2022-07-19T11:10:56.581Z] Accepted request GET /lighton-e6343/us-central1/api/places/nearby?type=restaurant --> us-central1-api
[debug] [2022-07-19T11:10:56.581Z] [worker-pool] submitWork(triggerId=us-central1-api) {"metadata":{"emulator":{"name":"functions"},"message":"[worker-pool] submitWork(triggerId=us-central1-api)"}}
[debug] [2022-07-19T11:10:56.581Z] [worker-us-central1-api-06337d04-f3fc-4692-9aac-81be522ba2cf]: Assigning socketPath: /var/folders/6c/b4sscwv52z57ph014w65lc_00000gn/T/fire_emu_7481.sock {"metadata":{"emulator":{"name":"functions"},"message":"[worker-us-central1-api-06337d04-f3fc-4692-9aac-81be522ba2cf]: Assigning socketPath: /var/folders/6c/b4sscwv52z57ph014w65lc_00000gn/T/fire_emu_7481.sock"}}
[debug] [2022-07-19T11:10:56.581Z] [worker-us-central1-api-06337d04-f3fc-4692-9aac-81be522ba2cf]: BUSY {"metadata":{"emulator":{"name":"functions"},"message":"[worker-us-central1-api-06337d04-f3fc-4692-9aac-81be522ba2cf]: BUSY"}}
[debug] [2022-07-19T11:10:56.582Z] [runtime-status] [7481] Beginning invocation function api! {"metadata":{"emulator":{"name":"functions"},"function":{"name":"us-central1-api"},"extension":{},"message":"[runtime-status] [7481] Beginning invocation function api!"}}
[info] i  functions: Beginning execution of "api" {"metadata":{"emulator":{"name":"functions"},"function":{"name":"us-central1-api"},"extension":{},"message":"Beginning execution of \"api\""}}
[debug] [2022-07-19T11:10:56.582Z] [runtime-status] [7481] Running api in signature http {"metadata":{"emulator":{"name":"functions"},"function":{"name":"us-central1-api"},"extension":{},"message":"[runtime-status] [7481] Running api in signature http"}}
[debug] [2022-07-19T11:10:56.582Z] [runtime-status] [7481] Attempting to listen to socketPath: /var/folders/6c/b4sscwv52z57ph014w65lc_00000gn/T/fire_emu_7481.sock {"metadata":{"emulator":{"name":"functions"},"function":{"name":"us-central1-api"},"extension":{},"message":"[runtime-status] [7481] Attempting to listen to socketPath: /var/folders/6c/b4sscwv52z57ph014w65lc_00000gn/T/fire_emu_7481.sock"}}
[debug] [2022-07-19T11:10:56.584Z] [functions] Runtime ready! Sending request! {"metadata":{"emulator":{"name":"functions"},"message":"[functions] Runtime ready! Sending request!"}}
[debug] [2022-07-19T11:10:56.584Z] [functions] Got req.url=/lighton-e6343/us-central1/api/places/nearby?type=restaurant, mapping to path=/places/nearby?type=restaurant {"metadata":{"emulator":{"name":"functions"},"message":"[functions] Got req.url=/lighton-e6343/us-central1/api/places/nearby?type=restaurant, mapping to path=/places/nearby?type=restaurant"}}
[debug] [2022-07-19T11:10:56.585Z] [runtime-status] [7481] Ephemeral server handling GET request {"metadata":{"emulator":{"name":"functions"},"function":{"name":"us-central1-api"},"extension":{},"message":"[runtime-status] [7481] Ephemeral server handling GET request"}}
[debug] [2022-07-19T11:10:56.587Z] [runtime-status] [7481] Ephemeral server survived. {"metadata":{"emulator":{"name":"functions"},"function":{"name":"us-central1-api"},"extension":{},"message":"[runtime-status] [7481] Ephemeral server survived."}}
[info] i  functions: Finished "api" in ~1s {"metadata":{"emulator":{"name":"functions"},"function":{"name":"us-central1-api"},"extension":{},"message":"Finished \"api\" in ~1s"}}
[debug] [2022-07-19T11:10:56.793Z] [worker-us-central1-api-06337d04-f3fc-4692-9aac-81be522ba2cf]: IDLE {"metadata":{"emulator":{"name":"functions"},"message":"[worker-us-central1-api-06337d04-f3fc-4692-9aac-81be522ba2cf]: IDLE"}}
[debug] [2022-07-19T11:10:56.793Z] [work-queue] {"queueLength":0,"workRunningCount":0}
[debug] [2022-07-19T11:11:23.363Z] [work-queue] {"queueLength":1,"workRunningCount":0}
[debug] [2022-07-19T11:11:23.363Z] [work-queue] {"queueLength":0,"workRunningCount":1}
[debug] [2022-07-19T11:11:23.364Z] Accepted request GET /lighton-e6343/us-central1/api/places/nearby?type=restaurant --> us-central1-api
[debug] [2022-07-19T11:11:23.364Z] [worker-pool] submitWork(triggerId=us-central1-api) {"metadata":{"emulator":{"name":"functions"},"message":"[worker-pool] submitWork(triggerId=us-central1-api)"}}
[debug] [2022-07-19T11:11:23.364Z] [worker-us-central1-api-06337d04-f3fc-4692-9aac-81be522ba2cf]: Assigning socketPath: /var/folders/6c/b4sscwv52z57ph014w65lc_00000gn/T/fire_emu_7481.sock {"metadata":{"emulator":{"name":"functions"},"message":"[worker-us-central1-api-06337d04-f3fc-4692-9aac-81be522ba2cf]: Assigning socketPath: /var/folders/6c/b4sscwv52z57ph014w65lc_00000gn/T/fire_emu_7481.sock"}}
[debug] [2022-07-19T11:11:23.364Z] [worker-us-central1-api-06337d04-f3fc-4692-9aac-81be522ba2cf]: BUSY {"metadata":{"emulator":{"name":"functions"},"message":"[worker-us-central1-api-06337d04-f3fc-4692-9aac-81be522ba2cf]: BUSY"}}
[debug] [2022-07-19T11:11:23.366Z] [runtime-status] [7481] Beginning invocation function api! {"metadata":{"emulator":{"name":"functions"},"function":{"name":"us-central1-api"},"extension":{},"message":"[runtime-status] [7481] Beginning invocation function api!"}}
[info] i  functions: Beginning execution of "api" {"metadata":{"emulator":{"name":"functions"},"function":{"name":"us-central1-api"},"extension":{},"message":"Beginning execution of \"api\""}}
[debug] [2022-07-19T11:11:23.366Z] [runtime-status] [7481] Running api in signature http {"metadata":{"emulator":{"name":"functions"},"function":{"name":"us-central1-api"},"extension":{},"message":"[runtime-status] [7481] Running api in signature http"}}
[debug] [2022-07-19T11:11:23.366Z] [runtime-status] [7481] Attempting to listen to socketPath: /var/folders/6c/b4sscwv52z57ph014w65lc_00000gn/T/fire_emu_7481.sock {"metadata":{"emulator":{"name":"functions"},"function":{"name":"us-central1-api"},"extension":{},"message":"[runtime-status] [7481] Attempting to listen to socketPath: /var/folders/6c/b4sscwv52z57ph014w65lc_00000gn/T/fire_emu_7481.sock"}}
[debug] [2022-07-19T11:11:23.368Z] [functions] Runtime ready! Sending request! {"metadata":{"emulator":{"name":"functions"},"message":"[functions] Runtime ready! Sending request!"}}
[debug] [2022-07-19T11:11:23.368Z] [functions] Got req.url=/lighton-e6343/us-central1/api/places/nearby?type=restaurant, mapping to path=/places/nearby?type=restaurant {"metadata":{"emulator":{"name":"functions"},"message":"[functions] Got req.url=/lighton-e6343/us-central1/api/places/nearby?type=restaurant, mapping to path=/places/nearby?type=restaurant"}}
[debug] [2022-07-19T11:11:23.369Z] [runtime-status] [7481] Ephemeral server handling GET request {"metadata":{"emulator":{"name":"functions"},"function":{"name":"us-central1-api"},"extension":{},"message":"[runtime-status] [7481] Ephemeral server handling GET request"}}
[debug] [2022-07-19T11:11:23.370Z] [runtime-status] [7481] Ephemeral server survived. {"metadata":{"emulator":{"name":"functions"},"function":{"name":"us-central1-api"},"extension":{},"message":"[runtime-status] [7481] Ephemeral server survived."}}
[info] i  functions: Finished "api" in ~1s {"metadata":{"emulator":{"name":"functions"},"function":{"name":"us-central1-api"},"extension":{},"message":"Finished \"api\" in ~1s"}}
[debug] [2022-07-19T11:11:23.569Z] [worker-us-central1-api-06337d04-f3fc-4692-9aac-81be522ba2cf]: IDLE {"metadata":{"emulator":{"name":"functions"},"message":"[worker-us-central1-api-06337d04-f3fc-4692-9aac-81be522ba2cf]: IDLE"}}
[debug] [2022-07-19T11:11:23.569Z] [work-queue] {"queueLength":0,"workRunningCount":0}
[debug] [2022-07-19T11:13:07.205Z] [work-queue] {"queueLength":1,"workRunningCount":0}
[debug] [2022-07-19T11:13:07.205Z] [work-queue] {"queueLength":0,"workRunningCount":1}
[debug] [2022-07-19T11:13:07.205Z] Accepted request GET /lighton-e6343/us-central1/api/places/nearby?type=restaurant --> us-central1-api
[debug] [2022-07-19T11:13:07.205Z] [worker-pool] submitWork(triggerId=us-central1-api) {"metadata":{"emulator":{"name":"functions"},"message":"[worker-pool] submitWork(triggerId=us-central1-api)"}}
[debug] [2022-07-19T11:13:07.205Z] [worker-us-central1-api-06337d04-f3fc-4692-9aac-81be522ba2cf]: Assigning socketPath: /var/folders/6c/b4sscwv52z57ph014w65lc_00000gn/T/fire_emu_7481.sock {"metadata":{"emulator":{"name":"functions"},"message":"[worker-us-central1-api-06337d04-f3fc-4692-9aac-81be522ba2cf]: Assigning socketPath: /var/folders/6c/b4sscwv52z57ph014w65lc_00000gn/T/fire_emu_7481.sock"}}
[debug] [2022-07-19T11:13:07.205Z] [worker-us-central1-api-06337d04-f3fc-4692-9aac-81be522ba2cf]: BUSY {"metadata":{"emulator":{"name":"functions"},"message":"[worker-us-central1-api-06337d04-f3fc-4692-9aac-81be522ba2cf]: BUSY"}}
[debug] [2022-07-19T11:13:07.206Z] [runtime-status] [7481] Beginning invocation function api! {"metadata":{"emulator":{"name":"functions"},"function":{"name":"us-central1-api"},"extension":{},"message":"[runtime-status] [7481] Beginning invocation function api!"}}
[info] i  functions: Beginning execution of "api" {"metadata":{"emulator":{"name":"functions"},"function":{"name":"us-central1-api"},"extension":{},"message":"Beginning execution of \"api\""}}
[debug] [2022-07-19T11:13:07.206Z] [runtime-status] [7481] Running api in signature http {"metadata":{"emulator":{"name":"functions"},"function":{"name":"us-central1-api"},"extension":{},"message":"[runtime-status] [7481] Running api in signature http"}}
[debug] [2022-07-19T11:13:07.207Z] [runtime-status] [7481] Attempting to listen to socketPath: /var/folders/6c/b4sscwv52z57ph014w65lc_00000gn/T/fire_emu_7481.sock {"metadata":{"emulator":{"name":"functions"},"function":{"name":"us-central1-api"},"extension":{},"message":"[runtime-status] [7481] Attempting to listen to socketPath: /var/folders/6c/b4sscwv52z57ph014w65lc_00000gn/T/fire_emu_7481.sock"}}
[debug] [2022-07-19T11:13:07.208Z] [functions] Runtime ready! Sending request! {"metadata":{"emulator":{"name":"functions"},"message":"[functions] Runtime ready! Sending request!"}}
[debug] [2022-07-19T11:13:07.209Z] [functions] Got req.url=/lighton-e6343/us-central1/api/places/nearby?type=restaurant, mapping to path=/places/nearby?type=restaurant {"metadata":{"emulator":{"name":"functions"},"message":"[functions] Got req.url=/lighton-e6343/us-central1/api/places/nearby?type=restaurant, mapping to path=/places/nearby?type=restaurant"}}
[debug] [2022-07-19T11:13:07.210Z] [runtime-status] [7481] Ephemeral server handling GET request {"metadata":{"emulator":{"name":"functions"},"function":{"name":"us-central1-api"},"extension":{},"message":"[runtime-status] [7481] Ephemeral server handling GET request"}}
[debug] [2022-07-19T11:13:07.211Z] [runtime-status] [7481] Ephemeral server survived. {"metadata":{"emulator":{"name":"functions"},"function":{"name":"us-central1-api"},"extension":{},"message":"[runtime-status] [7481] Ephemeral server survived."}}
[info] i  functions: Finished "api" in ~1s {"metadata":{"emulator":{"name":"functions"},"function":{"name":"us-central1-api"},"extension":{},"message":"Finished \"api\" in ~1s"}}
[debug] [2022-07-19T11:13:07.616Z] [worker-us-central1-api-06337d04-f3fc-4692-9aac-81be522ba2cf]: IDLE {"metadata":{"emulator":{"name":"functions"},"message":"[worker-us-central1-api-06337d04-f3fc-4692-9aac-81be522ba2cf]: IDLE"}}
[debug] [2022-07-19T11:13:07.616Z] [work-queue] {"queueLength":0,"workRunningCount":0}
[debug] [2022-07-19T11:13:29.972Z] [work-queue] {"queueLength":1,"workRunningCount":0}
[debug] [2022-07-19T11:13:29.972Z] [work-queue] {"queueLength":0,"workRunningCount":1}
[debug] [2022-07-19T11:13:29.972Z] Accepted request GET /lighton-e6343/us-central1/api/places/nearby?type=restaurant --> us-central1-api
[debug] [2022-07-19T11:13:29.972Z] [worker-pool] submitWork(triggerId=us-central1-api) {"metadata":{"emulator":{"name":"functions"},"message":"[worker-pool] submitWork(triggerId=us-central1-api)"}}
[debug] [2022-07-19T11:13:29.972Z] [worker-us-central1-api-06337d04-f3fc-4692-9aac-81be522ba2cf]: Assigning socketPath: /var/folders/6c/b4sscwv52z57ph014w65lc_00000gn/T/fire_emu_7481.sock {"metadata":{"emulator":{"name":"functions"},"message":"[worker-us-central1-api-06337d04-f3fc-4692-9aac-81be522ba2cf]: Assigning socketPath: /var/folders/6c/b4sscwv52z57ph014w65lc_00000gn/T/fire_emu_7481.sock"}}
[debug] [2022-07-19T11:13:29.973Z] [worker-us-central1-api-06337d04-f3fc-4692-9aac-81be522ba2cf]: BUSY {"metadata":{"emulator":{"name":"functions"},"message":"[worker-us-central1-api-06337d04-f3fc-4692-9aac-81be522ba2cf]: BUSY"}}
[debug] [2022-07-19T11:13:29.975Z] [runtime-status] [7481] Beginning invocation function api! {"metadata":{"emulator":{"name":"functions"},"function":{"name":"us-central1-api"},"extension":{},"message":"[runtime-status] [7481] Beginning invocation function api!"}}
[info] i  functions: Beginning execution of "api" {"metadata":{"emulator":{"name":"functions"},"function":{"name":"us-central1-api"},"extension":{},"message":"Beginning execution of \"api\""}}
[debug] [2022-07-19T11:13:29.975Z] [runtime-status] [7481] Running api in signature http {"metadata":{"emulator":{"name":"functions"},"function":{"name":"us-central1-api"},"extension":{},"message":"[runtime-status] [7481] Running api in signature http"}}
[debug] [2022-07-19T11:13:29.976Z] [runtime-status] [7481] Attempting to listen to socketPath: /var/folders/6c/b4sscwv52z57ph014w65lc_00000gn/T/fire_emu_7481.sock {"metadata":{"emulator":{"name":"functions"},"function":{"name":"us-central1-api"},"extension":{},"message":"[runtime-status] [7481] Attempting to listen to socketPath: /var/folders/6c/b4sscwv52z57ph014w65lc_00000gn/T/fire_emu_7481.sock"}}
[debug] [2022-07-19T11:13:29.977Z] [functions] Runtime ready! Sending request! {"metadata":{"emulator":{"name":"functions"},"message":"[functions] Runtime ready! Sending request!"}}
[debug] [2022-07-19T11:13:29.977Z] [functions] Got req.url=/lighton-e6343/us-central1/api/places/nearby?type=restaurant, mapping to path=/places/nearby?type=restaurant {"metadata":{"emulator":{"name":"functions"},"message":"[functions] Got req.url=/lighton-e6343/us-central1/api/places/nearby?type=restaurant, mapping to path=/places/nearby?type=restaurant"}}
[debug] [2022-07-19T11:13:29.985Z] [runtime-status] [7481] Ephemeral server handling GET request {"metadata":{"emulator":{"name":"functions"},"function":{"name":"us-central1-api"},"extension":{},"message":"[runtime-status] [7481] Ephemeral server handling GET request"}}
[debug] [2022-07-19T11:13:29.986Z] [runtime-status] [7481] Ephemeral server survived. {"metadata":{"emulator":{"name":"functions"},"function":{"name":"us-central1-api"},"extension":{},"message":"[runtime-status] [7481] Ephemeral server survived."}}
[info] i  functions: Finished "api" in ~1s {"metadata":{"emulator":{"name":"functions"},"function":{"name":"us-central1-api"},"extension":{},"message":"Finished \"api\" in ~1s"}}
[debug] [2022-07-19T11:13:30.198Z] [worker-us-central1-api-06337d04-f3fc-4692-9aac-81be522ba2cf]: IDLE {"metadata":{"emulator":{"name":"functions"},"message":"[worker-us-central1-api-06337d04-f3fc-4692-9aac-81be522ba2cf]: IDLE"}}
[debug] [2022-07-19T11:13:30.198Z] [work-queue] {"queueLength":0,"workRunningCount":0}
[debug] [2022-07-19T11:13:56.012Z] [work-queue] {"queueLength":1,"workRunningCount":0}
[debug] [2022-07-19T11:13:56.013Z] [work-queue] {"queueLength":0,"workRunningCount":1}
[debug] [2022-07-19T11:13:56.013Z] Accepted request GET /lighton-e6343/us-central1/api/places/nearby?type=restaurant --> us-central1-api
[debug] [2022-07-19T11:13:56.013Z] [worker-pool] submitWork(triggerId=us-central1-api) {"metadata":{"emulator":{"name":"functions"},"message":"[worker-pool] submitWork(triggerId=us-central1-api)"}}
[debug] [2022-07-19T11:13:56.013Z] [worker-us-central1-api-06337d04-f3fc-4692-9aac-81be522ba2cf]: Assigning socketPath: /var/folders/6c/b4sscwv52z57ph014w65lc_00000gn/T/fire_emu_7481.sock {"metadata":{"emulator":{"name":"functions"},"message":"[worker-us-central1-api-06337d04-f3fc-4692-9aac-81be522ba2cf]: Assigning socketPath: /var/folders/6c/b4sscwv52z57ph014w65lc_00000gn/T/fire_emu_7481.sock"}}
[debug] [2022-07-19T11:13:56.013Z] [worker-us-central1-api-06337d04-f3fc-4692-9aac-81be522ba2cf]: BUSY {"metadata":{"emulator":{"name":"functions"},"message":"[worker-us-central1-api-06337d04-f3fc-4692-9aac-81be522ba2cf]: BUSY"}}
[debug] [2022-07-19T11:13:56.014Z] [runtime-status] [7481] Beginning invocation function api! {"metadata":{"emulator":{"name":"functions"},"function":{"name":"us-central1-api"},"extension":{},"message":"[runtime-status] [7481] Beginning invocation function api!"}}
[info] i  functions: Beginning execution of "api" {"metadata":{"emulator":{"name":"functions"},"function":{"name":"us-central1-api"},"extension":{},"message":"Beginning execution of \"api\""}}
[debug] [2022-07-19T11:13:56.014Z] [runtime-status] [7481] Running api in signature http {"metadata":{"emulator":{"name":"functions"},"function":{"name":"us-central1-api"},"extension":{},"message":"[runtime-status] [7481] Running api in signature http"}}
[debug] [2022-07-19T11:13:56.015Z] [runtime-status] [7481] Attempting to listen to socketPath: /var/folders/6c/b4sscwv52z57ph014w65lc_00000gn/T/fire_emu_7481.sock {"metadata":{"emulator":{"name":"functions"},"function":{"name":"us-central1-api"},"extension":{},"message":"[runtime-status] [7481] Attempting to listen to socketPath: /var/folders/6c/b4sscwv52z57ph014w65lc_00000gn/T/fire_emu_7481.sock"}}
[debug] [2022-07-19T11:13:56.017Z] [functions] Runtime ready! Sending request! {"metadata":{"emulator":{"name":"functions"},"message":"[functions] Runtime ready! Sending request!"}}
[debug] [2022-07-19T11:13:56.017Z] [functions] Got req.url=/lighton-e6343/us-central1/api/places/nearby?type=restaurant, mapping to path=/places/nearby?type=restaurant {"metadata":{"emulator":{"name":"functions"},"message":"[functions] Got req.url=/lighton-e6343/us-central1/api/places/nearby?type=restaurant, mapping to path=/places/nearby?type=restaurant"}}
[debug] [2022-07-19T11:13:56.020Z] [runtime-status] [7481] Ephemeral server handling GET request {"metadata":{"emulator":{"name":"functions"},"function":{"name":"us-central1-api"},"extension":{},"message":"[runtime-status] [7481] Ephemeral server handling GET request"}}
[debug] [2022-07-19T11:13:56.020Z] [runtime-status] [7481] Ephemeral server survived. {"metadata":{"emulator":{"name":"functions"},"function":{"name":"us-central1-api"},"extension":{},"message":"[runtime-status] [7481] Ephemeral server survived."}}
[info] i  functions: Finished "api" in ~1s {"metadata":{"emulator":{"name":"functions"},"function":{"name":"us-central1-api"},"extension":{},"message":"Finished \"api\" in ~1s"}}
[debug] [2022-07-19T11:13:56.238Z] [worker-us-central1-api-06337d04-f3fc-4692-9aac-81be522ba2cf]: IDLE {"metadata":{"emulator":{"name":"functions"},"message":"[worker-us-central1-api-06337d04-f3fc-4692-9aac-81be522ba2cf]: IDLE"}}
[debug] [2022-07-19T11:13:56.238Z] [work-queue] {"queueLength":0,"workRunningCount":0}
[debug] [2022-07-19T11:14:39.107Z] [work-queue] {"queueLength":1,"workRunningCount":0}
[debug] [2022-07-19T11:14:39.107Z] [work-queue] {"queueLength":0,"workRunningCount":1}
[debug] [2022-07-19T11:14:39.107Z] Accepted request GET /lighton-e6343/us-central1/api/places/nearby?type=restaurant --> us-central1-api
[debug] [2022-07-19T11:14:39.107Z] [worker-pool] submitWork(triggerId=us-central1-api) {"metadata":{"emulator":{"name":"functions"},"message":"[worker-pool] submitWork(triggerId=us-central1-api)"}}
[debug] [2022-07-19T11:14:39.107Z] [worker-us-central1-api-06337d04-f3fc-4692-9aac-81be522ba2cf]: Assigning socketPath: /var/folders/6c/b4sscwv52z57ph014w65lc_00000gn/T/fire_emu_7481.sock {"metadata":{"emulator":{"name":"functions"},"message":"[worker-us-central1-api-06337d04-f3fc-4692-9aac-81be522ba2cf]: Assigning socketPath: /var/folders/6c/b4sscwv52z57ph014w65lc_00000gn/T/fire_emu_7481.sock"}}
[debug] [2022-07-19T11:14:39.107Z] [worker-us-central1-api-06337d04-f3fc-4692-9aac-81be522ba2cf]: BUSY {"metadata":{"emulator":{"name":"functions"},"message":"[worker-us-central1-api-06337d04-f3fc-4692-9aac-81be522ba2cf]: BUSY"}}
[debug] [2022-07-19T11:14:39.108Z] [runtime-status] [7481] Beginning invocation function api! {"metadata":{"emulator":{"name":"functions"},"function":{"name":"us-central1-api"},"extension":{},"message":"[runtime-status] [7481] Beginning invocation function api!"}}
[info] i  functions: Beginning execution of "api" {"metadata":{"emulator":{"name":"functions"},"function":{"name":"us-central1-api"},"extension":{},"message":"Beginning execution of \"api\""}}
[debug] [2022-07-19T11:14:39.109Z] [runtime-status] [7481] Running api in signature http {"metadata":{"emulator":{"name":"functions"},"function":{"name":"us-central1-api"},"extension":{},"message":"[runtime-status] [7481] Running api in signature http"}}
[debug] [2022-07-19T11:14:39.109Z] [runtime-status] [7481] Attempting to listen to socketPath: /var/folders/6c/b4sscwv52z57ph014w65lc_00000gn/T/fire_emu_7481.sock {"metadata":{"emulator":{"name":"functions"},"function":{"name":"us-central1-api"},"extension":{},"message":"[runtime-status] [7481] Attempting to listen to socketPath: /var/folders/6c/b4sscwv52z57ph014w65lc_00000gn/T/fire_emu_7481.sock"}}
[debug] [2022-07-19T11:14:39.112Z] [functions] Runtime ready! Sending request! {"metadata":{"emulator":{"name":"functions"},"message":"[functions] Runtime ready! Sending request!"}}
[debug] [2022-07-19T11:14:39.112Z] [functions] Got req.url=/lighton-e6343/us-central1/api/places/nearby?type=restaurant, mapping to path=/places/nearby?type=restaurant {"metadata":{"emulator":{"name":"functions"},"message":"[functions] Got req.url=/lighton-e6343/us-central1/api/places/nearby?type=restaurant, mapping to path=/places/nearby?type=restaurant"}}
[debug] [2022-07-19T11:14:39.113Z] [runtime-status] [7481] Ephemeral server handling GET request {"metadata":{"emulator":{"name":"functions"},"function":{"name":"us-central1-api"},"extension":{},"message":"[runtime-status] [7481] Ephemeral server handling GET request"}}
[debug] [2022-07-19T11:14:39.115Z] [runtime-status] [7481] Ephemeral server survived. {"metadata":{"emulator":{"name":"functions"},"function":{"name":"us-central1-api"},"extension":{},"message":"[runtime-status] [7481] Ephemeral server survived."}}
[info] i  functions: Finished "api" in ~1s {"metadata":{"emulator":{"name":"functions"},"function":{"name":"us-central1-api"},"extension":{},"message":"Finished \"api\" in ~1s"}}
[debug] [2022-07-19T11:14:39.329Z] [worker-us-central1-api-06337d04-f3fc-4692-9aac-81be522ba2cf]: IDLE {"metadata":{"emulator":{"name":"functions"},"message":"[worker-us-central1-api-06337d04-f3fc-4692-9aac-81be522ba2cf]: IDLE"}}
[debug] [2022-07-19T11:14:39.329Z] [work-queue] {"queueLength":0,"workRunningCount":0}
[debug] [2022-07-19T11:14:47.770Z] [work-queue] {"queueLength":1,"workRunningCount":0}
[debug] [2022-07-19T11:14:47.770Z] [work-queue] {"queueLength":0,"workRunningCount":1}
[debug] [2022-07-19T11:14:47.770Z] Accepted request GET /lighton-e6343/us-central1/api/places/nearby?type=restaurant --> us-central1-api
[debug] [2022-07-19T11:14:47.771Z] [worker-pool] submitWork(triggerId=us-central1-api) {"metadata":{"emulator":{"name":"functions"},"message":"[worker-pool] submitWork(triggerId=us-central1-api)"}}
[debug] [2022-07-19T11:14:47.771Z] [worker-us-central1-api-06337d04-f3fc-4692-9aac-81be522ba2cf]: Assigning socketPath: /var/folders/6c/b4sscwv52z57ph014w65lc_00000gn/T/fire_emu_7481.sock {"metadata":{"emulator":{"name":"functions"},"message":"[worker-us-central1-api-06337d04-f3fc-4692-9aac-81be522ba2cf]: Assigning socketPath: /var/folders/6c/b4sscwv52z57ph014w65lc_00000gn/T/fire_emu_7481.sock"}}
[debug] [2022-07-19T11:14:47.771Z] [worker-us-central1-api-06337d04-f3fc-4692-9aac-81be522ba2cf]: BUSY {"metadata":{"emulator":{"name":"functions"},"message":"[worker-us-central1-api-06337d04-f3fc-4692-9aac-81be522ba2cf]: BUSY"}}
[debug] [2022-07-19T11:14:47.772Z] [runtime-status] [7481] Beginning invocation function api! {"metadata":{"emulator":{"name":"functions"},"function":{"name":"us-central1-api"},"extension":{},"message":"[runtime-status] [7481] Beginning invocation function api!"}}
[info] i  functions: Beginning execution of "api" {"metadata":{"emulator":{"name":"functions"},"function":{"name":"us-central1-api"},"extension":{},"message":"Beginning execution of \"api\""}}
[debug] [2022-07-19T11:14:47.772Z] [runtime-status] [7481] Running api in signature http {"metadata":{"emulator":{"name":"functions"},"function":{"name":"us-central1-api"},"extension":{},"message":"[runtime-status] [7481] Running api in signature http"}}
[debug] [2022-07-19T11:14:47.773Z] [runtime-status] [7481] Attempting to listen to socketPath: /var/folders/6c/b4sscwv52z57ph014w65lc_00000gn/T/fire_emu_7481.sock {"metadata":{"emulator":{"name":"functions"},"function":{"name":"us-central1-api"},"extension":{},"message":"[runtime-status] [7481] Attempting to listen to socketPath: /var/folders/6c/b4sscwv52z57ph014w65lc_00000gn/T/fire_emu_7481.sock"}}
[debug] [2022-07-19T11:14:47.774Z] [functions] Runtime ready! Sending request! {"metadata":{"emulator":{"name":"functions"},"message":"[functions] Runtime ready! Sending request!"}}
[debug] [2022-07-19T11:14:47.775Z] [functions] Got req.url=/lighton-e6343/us-central1/api/places/nearby?type=restaurant, mapping to path=/places/nearby?type=restaurant {"metadata":{"emulator":{"name":"functions"},"message":"[functions] Got req.url=/lighton-e6343/us-central1/api/places/nearby?type=restaurant, mapping to path=/places/nearby?type=restaurant"}}
[debug] [2022-07-19T11:14:47.776Z] [runtime-status] [7481] Ephemeral server handling GET request {"metadata":{"emulator":{"name":"functions"},"function":{"name":"us-central1-api"},"extension":{},"message":"[runtime-status] [7481] Ephemeral server handling GET request"}}
[debug] [2022-07-19T11:14:47.777Z] [runtime-status] [7481] Ephemeral server survived. {"metadata":{"emulator":{"name":"functions"},"function":{"name":"us-central1-api"},"extension":{},"message":"[runtime-status] [7481] Ephemeral server survived."}}
[info] i  functions: Finished "api" in ~1s {"metadata":{"emulator":{"name":"functions"},"function":{"name":"us-central1-api"},"extension":{},"message":"Finished \"api\" in ~1s"}}
[debug] [2022-07-19T11:14:47.994Z] [worker-us-central1-api-06337d04-f3fc-4692-9aac-81be522ba2cf]: IDLE {"metadata":{"emulator":{"name":"functions"},"message":"[worker-us-central1-api-06337d04-f3fc-4692-9aac-81be522ba2cf]: IDLE"}}
[debug] [2022-07-19T11:14:47.994Z] [work-queue] {"queueLength":0,"workRunningCount":0}
[debug] [2022-07-19T11:17:16.248Z] [work-queue] {"queueLength":1,"workRunningCount":0}
[debug] [2022-07-19T11:17:16.248Z] [work-queue] {"queueLength":0,"workRunningCount":1}
[debug] [2022-07-19T11:17:16.248Z] Accepted request GET /lighton-e6343/us-central1/api/places/nearby?type=restaurant --> us-central1-api
[debug] [2022-07-19T11:17:16.249Z] [worker-pool] submitWork(triggerId=us-central1-api) {"metadata":{"emulator":{"name":"functions"},"message":"[worker-pool] submitWork(triggerId=us-central1-api)"}}
[debug] [2022-07-19T11:17:16.249Z] [worker-us-central1-api-06337d04-f3fc-4692-9aac-81be522ba2cf]: Assigning socketPath: /var/folders/6c/b4sscwv52z57ph014w65lc_00000gn/T/fire_emu_7481.sock {"metadata":{"emulator":{"name":"functions"},"message":"[worker-us-central1-api-06337d04-f3fc-4692-9aac-81be522ba2cf]: Assigning socketPath: /var/folders/6c/b4sscwv52z57ph014w65lc_00000gn/T/fire_emu_7481.sock"}}
[debug] [2022-07-19T11:17:16.249Z] [worker-us-central1-api-06337d04-f3fc-4692-9aac-81be522ba2cf]: BUSY {"metadata":{"emulator":{"name":"functions"},"message":"[worker-us-central1-api-06337d04-f3fc-4692-9aac-81be522ba2cf]: BUSY"}}
[debug] [2022-07-19T11:17:16.249Z] [runtime-status] [7481] Beginning invocation function api! {"metadata":{"emulator":{"name":"functions"},"function":{"name":"us-central1-api"},"extension":{},"message":"[runtime-status] [7481] Beginning invocation function api!"}}
[info] i  functions: Beginning execution of "api" {"metadata":{"emulator":{"name":"functions"},"function":{"name":"us-central1-api"},"extension":{},"message":"Beginning execution of \"api\""}}
[debug] [2022-07-19T11:17:16.250Z] [runtime-status] [7481] Running api in signature http {"metadata":{"emulator":{"name":"functions"},"function":{"name":"us-central1-api"},"extension":{},"message":"[runtime-status] [7481] Running api in signature http"}}
[debug] [2022-07-19T11:17:16.250Z] [runtime-status] [7481] Attempting to listen to socketPath: /var/folders/6c/b4sscwv52z57ph014w65lc_00000gn/T/fire_emu_7481.sock {"metadata":{"emulator":{"name":"functions"},"function":{"name":"us-central1-api"},"extension":{},"message":"[runtime-status] [7481] Attempting to listen to socketPath: /var/folders/6c/b4sscwv52z57ph014w65lc_00000gn/T/fire_emu_7481.sock"}}
[debug] [2022-07-19T11:17:16.252Z] [functions] Runtime ready! Sending request! {"metadata":{"emulator":{"name":"functions"},"message":"[functions] Runtime ready! Sending request!"}}
[debug] [2022-07-19T11:17:16.253Z] [functions] Got req.url=/lighton-e6343/us-central1/api/places/nearby?type=restaurant, mapping to path=/places/nearby?type=restaurant {"metadata":{"emulator":{"name":"functions"},"message":"[functions] Got req.url=/lighton-e6343/us-central1/api/places/nearby?type=restaurant, mapping to path=/places/nearby?type=restaurant"}}
[debug] [2022-07-19T11:17:16.255Z] [runtime-status] [7481] Ephemeral server handling GET request {"metadata":{"emulator":{"name":"functions"},"function":{"name":"us-central1-api"},"extension":{},"message":"[runtime-status] [7481] Ephemeral server handling GET request"}}
[debug] [2022-07-19T11:17:16.256Z] [runtime-status] [7481] Ephemeral server survived. {"metadata":{"emulator":{"name":"functions"},"function":{"name":"us-central1-api"},"extension":{},"message":"[runtime-status] [7481] Ephemeral server survived."}}
[info] i  functions: Finished "api" in ~1s {"metadata":{"emulator":{"name":"functions"},"function":{"name":"us-central1-api"},"extension":{},"message":"Finished \"api\" in ~1s"}}
[debug] [2022-07-19T11:17:16.857Z] [worker-us-central1-api-06337d04-f3fc-4692-9aac-81be522ba2cf]: IDLE {"metadata":{"emulator":{"name":"functions"},"message":"[worker-us-central1-api-06337d04-f3fc-4692-9aac-81be522ba2cf]: IDLE"}}
[debug] [2022-07-19T11:17:16.857Z] [work-queue] {"queueLength":0,"workRunningCount":0}
[debug] [2022-07-19T11:24:29.325Z] [work-queue] {"queueLength":1,"workRunningCount":0}
[debug] [2022-07-19T11:24:29.327Z] [work-queue] {"queueLength":0,"workRunningCount":1}
[debug] [2022-07-19T11:24:29.327Z] Accepted request GET /lighton-e6343/us-central1/api/places/nearby?type=restaurant --> us-central1-api
[debug] [2022-07-19T11:24:29.327Z] [worker-pool] submitWork(triggerId=us-central1-api) {"metadata":{"emulator":{"name":"functions"},"message":"[worker-pool] submitWork(triggerId=us-central1-api)"}}
[debug] [2022-07-19T11:24:29.328Z] [worker-us-central1-api-06337d04-f3fc-4692-9aac-81be522ba2cf]: Assigning socketPath: /var/folders/6c/b4sscwv52z57ph014w65lc_00000gn/T/fire_emu_7481.sock {"metadata":{"emulator":{"name":"functions"},"message":"[worker-us-central1-api-06337d04-f3fc-4692-9aac-81be522ba2cf]: Assigning socketPath: /var/folders/6c/b4sscwv52z57ph014w65lc_00000gn/T/fire_emu_7481.sock"}}
[debug] [2022-07-19T11:24:29.328Z] [worker-us-central1-api-06337d04-f3fc-4692-9aac-81be522ba2cf]: BUSY {"metadata":{"emulator":{"name":"functions"},"message":"[worker-us-central1-api-06337d04-f3fc-4692-9aac-81be522ba2cf]: BUSY"}}
[debug] [2022-07-19T11:24:29.331Z] [runtime-status] [7481] Beginning invocation function api! {"metadata":{"emulator":{"name":"functions"},"function":{"name":"us-central1-api"},"extension":{},"message":"[runtime-status] [7481] Beginning invocation function api!"}}
[info] i  functions: Beginning execution of "api" {"metadata":{"emulator":{"name":"functions"},"function":{"name":"us-central1-api"},"extension":{},"message":"Beginning execution of \"api\""}}
[debug] [2022-07-19T11:24:29.333Z] [runtime-status] [7481] Running api in signature http {"metadata":{"emulator":{"name":"functions"},"function":{"name":"us-central1-api"},"extension":{},"message":"[runtime-status] [7481] Running api in signature http"}}
[debug] [2022-07-19T11:24:29.334Z] [runtime-status] [7481] Attempting to listen to socketPath: /var/folders/6c/b4sscwv52z57ph014w65lc_00000gn/T/fire_emu_7481.sock {"metadata":{"emulator":{"name":"functions"},"function":{"name":"us-central1-api"},"extension":{},"message":"[runtime-status] [7481] Attempting to listen to socketPath: /var/folders/6c/b4sscwv52z57ph014w65lc_00000gn/T/fire_emu_7481.sock"}}
[debug] [2022-07-19T11:24:29.341Z] [functions] Runtime ready! Sending request! {"metadata":{"emulator":{"name":"functions"},"message":"[functions] Runtime ready! Sending request!"}}
[debug] [2022-07-19T11:24:29.342Z] [functions] Got req.url=/lighton-e6343/us-central1/api/places/nearby?type=restaurant, mapping to path=/places/nearby?type=restaurant {"metadata":{"emulator":{"name":"functions"},"message":"[functions] Got req.url=/lighton-e6343/us-central1/api/places/nearby?type=restaurant, mapping to path=/places/nearby?type=restaurant"}}
[debug] [2022-07-19T11:24:29.345Z] [runtime-status] [7481] Ephemeral server handling GET request {"metadata":{"emulator":{"name":"functions"},"function":{"name":"us-central1-api"},"extension":{},"message":"[runtime-status] [7481] Ephemeral server handling GET request"}}
[debug] [2022-07-19T11:24:29.352Z] [runtime-status] [7481] Ephemeral server survived. {"metadata":{"emulator":{"name":"functions"},"function":{"name":"us-central1-api"},"extension":{},"message":"[runtime-status] [7481] Ephemeral server survived."}}
[info] i  functions: Finished "api" in ~1s {"metadata":{"emulator":{"name":"functions"},"function":{"name":"us-central1-api"},"extension":{},"message":"Finished \"api\" in ~1s"}}
[debug] [2022-07-19T11:24:29.826Z] [worker-us-central1-api-06337d04-f3fc-4692-9aac-81be522ba2cf]: IDLE {"metadata":{"emulator":{"name":"functions"},"message":"[worker-us-central1-api-06337d04-f3fc-4692-9aac-81be522ba2cf]: IDLE"}}
[debug] [2022-07-19T11:24:29.826Z] [work-queue] {"queueLength":0,"workRunningCount":0}
[debug] [2022-07-19T11:27:11.186Z] [work-queue] {"queueLength":1,"workRunningCount":0}
[debug] [2022-07-19T11:27:11.187Z] [work-queue] {"queueLength":0,"workRunningCount":1}
[debug] [2022-07-19T11:27:11.187Z] Accepted request GET /lighton-e6343/us-central1/api/places/nearby?type=restaurant --> us-central1-api
[debug] [2022-07-19T11:27:11.187Z] [worker-pool] submitWork(triggerId=us-central1-api) {"metadata":{"emulator":{"name":"functions"},"message":"[worker-pool] submitWork(triggerId=us-central1-api)"}}
[debug] [2022-07-19T11:27:11.187Z] [worker-us-central1-api-06337d04-f3fc-4692-9aac-81be522ba2cf]: Assigning socketPath: /var/folders/6c/b4sscwv52z57ph014w65lc_00000gn/T/fire_emu_7481.sock {"metadata":{"emulator":{"name":"functions"},"message":"[worker-us-central1-api-06337d04-f3fc-4692-9aac-81be522ba2cf]: Assigning socketPath: /var/folders/6c/b4sscwv52z57ph014w65lc_00000gn/T/fire_emu_7481.sock"}}
[debug] [2022-07-19T11:27:11.187Z] [worker-us-central1-api-06337d04-f3fc-4692-9aac-81be522ba2cf]: BUSY {"metadata":{"emulator":{"name":"functions"},"message":"[worker-us-central1-api-06337d04-f3fc-4692-9aac-81be522ba2cf]: BUSY"}}
[debug] [2022-07-19T11:27:11.187Z] [runtime-status] [7481] Beginning invocation function api! {"metadata":{"emulator":{"name":"functions"},"function":{"name":"us-central1-api"},"extension":{},"message":"[runtime-status] [7481] Beginning invocation function api!"}}
[info] i  functions: Beginning execution of "api" {"metadata":{"emulator":{"name":"functions"},"function":{"name":"us-central1-api"},"extension":{},"message":"Beginning execution of \"api\""}}
[debug] [2022-07-19T11:27:11.188Z] [runtime-status] [7481] Running api in signature http {"metadata":{"emulator":{"name":"functions"},"function":{"name":"us-central1-api"},"extension":{},"message":"[runtime-status] [7481] Running api in signature http"}}
[debug] [2022-07-19T11:27:11.188Z] [runtime-status] [7481] Attempting to listen to socketPath: /var/folders/6c/b4sscwv52z57ph014w65lc_00000gn/T/fire_emu_7481.sock {"metadata":{"emulator":{"name":"functions"},"function":{"name":"us-central1-api"},"extension":{},"message":"[runtime-status] [7481] Attempting to listen to socketPath: /var/folders/6c/b4sscwv52z57ph014w65lc_00000gn/T/fire_emu_7481.sock"}}
[debug] [2022-07-19T11:27:11.197Z] [functions] Runtime ready! Sending request! {"metadata":{"emulator":{"name":"functions"},"message":"[functions] Runtime ready! Sending request!"}}
[debug] [2022-07-19T11:27:11.197Z] [functions] Got req.url=/lighton-e6343/us-central1/api/places/nearby?type=restaurant, mapping to path=/places/nearby?type=restaurant {"metadata":{"emulator":{"name":"functions"},"message":"[functions] Got req.url=/lighton-e6343/us-central1/api/places/nearby?type=restaurant, mapping to path=/places/nearby?type=restaurant"}}
[debug] [2022-07-19T11:27:11.198Z] [runtime-status] [7481] Ephemeral server handling GET request {"metadata":{"emulator":{"name":"functions"},"function":{"name":"us-central1-api"},"extension":{},"message":"[runtime-status] [7481] Ephemeral server handling GET request"}}
[debug] [2022-07-19T11:27:11.201Z] [runtime-status] [7481] Ephemeral server survived. {"metadata":{"emulator":{"name":"functions"},"function":{"name":"us-central1-api"},"extension":{},"message":"[runtime-status] [7481] Ephemeral server survived."}}
[info] i  functions: Finished "api" in ~1s {"metadata":{"emulator":{"name":"functions"},"function":{"name":"us-central1-api"},"extension":{},"message":"Finished \"api\" in ~1s"}}
[debug] [2022-07-19T11:27:11.571Z] [worker-us-central1-api-06337d04-f3fc-4692-9aac-81be522ba2cf]: IDLE {"metadata":{"emulator":{"name":"functions"},"message":"[worker-us-central1-api-06337d04-f3fc-4692-9aac-81be522ba2cf]: IDLE"}}
[debug] [2022-07-19T11:27:11.571Z] [work-queue] {"queueLength":0,"workRunningCount":0}
[debug] [2022-07-19T11:30:16.697Z] [work-queue] {"queueLength":1,"workRunningCount":0}
[debug] [2022-07-19T11:30:16.697Z] [work-queue] {"queueLength":0,"workRunningCount":1}
[debug] [2022-07-19T11:30:16.697Z] Accepted request GET /lighton-e6343/us-central1/api/places/nearby?type=restaurant --> us-central1-api
[debug] [2022-07-19T11:30:16.697Z] [worker-pool] submitWork(triggerId=us-central1-api) {"metadata":{"emulator":{"name":"functions"},"message":"[worker-pool] submitWork(triggerId=us-central1-api)"}}
[debug] [2022-07-19T11:30:16.697Z] [worker-us-central1-api-06337d04-f3fc-4692-9aac-81be522ba2cf]: Assigning socketPath: /var/folders/6c/b4sscwv52z57ph014w65lc_00000gn/T/fire_emu_7481.sock {"metadata":{"emulator":{"name":"functions"},"message":"[worker-us-central1-api-06337d04-f3fc-4692-9aac-81be522ba2cf]: Assigning socketPath: /var/folders/6c/b4sscwv52z57ph014w65lc_00000gn/T/fire_emu_7481.sock"}}
[debug] [2022-07-19T11:30:16.697Z] [worker-us-central1-api-06337d04-f3fc-4692-9aac-81be522ba2cf]: BUSY {"metadata":{"emulator":{"name":"functions"},"message":"[worker-us-central1-api-06337d04-f3fc-4692-9aac-81be522ba2cf]: BUSY"}}
[debug] [2022-07-19T11:30:16.698Z] [runtime-status] [7481] Beginning invocation function api! {"metadata":{"emulator":{"name":"functions"},"function":{"name":"us-central1-api"},"extension":{},"message":"[runtime-status] [7481] Beginning invocation function api!"}}
[info] i  functions: Beginning execution of "api" {"metadata":{"emulator":{"name":"functions"},"function":{"name":"us-central1-api"},"extension":{},"message":"Beginning execution of \"api\""}}
[debug] [2022-07-19T11:30:16.698Z] [runtime-status] [7481] Running api in signature http {"metadata":{"emulator":{"name":"functions"},"function":{"name":"us-central1-api"},"extension":{},"message":"[runtime-status] [7481] Running api in signature http"}}
[debug] [2022-07-19T11:30:16.698Z] [runtime-status] [7481] Attempting to listen to socketPath: /var/folders/6c/b4sscwv52z57ph014w65lc_00000gn/T/fire_emu_7481.sock {"metadata":{"emulator":{"name":"functions"},"function":{"name":"us-central1-api"},"extension":{},"message":"[runtime-status] [7481] Attempting to listen to socketPath: /var/folders/6c/b4sscwv52z57ph014w65lc_00000gn/T/fire_emu_7481.sock"}}
[debug] [2022-07-19T11:30:16.700Z] [functions] Runtime ready! Sending request! {"metadata":{"emulator":{"name":"functions"},"message":"[functions] Runtime ready! Sending request!"}}
[debug] [2022-07-19T11:30:16.700Z] [functions] Got req.url=/lighton-e6343/us-central1/api/places/nearby?type=restaurant, mapping to path=/places/nearby?type=restaurant {"metadata":{"emulator":{"name":"functions"},"message":"[functions] Got req.url=/lighton-e6343/us-central1/api/places/nearby?type=restaurant, mapping to path=/places/nearby?type=restaurant"}}
[debug] [2022-07-19T11:30:16.701Z] [runtime-status] [7481] Ephemeral server handling GET request {"metadata":{"emulator":{"name":"functions"},"function":{"name":"us-central1-api"},"extension":{},"message":"[runtime-status] [7481] Ephemeral server handling GET request"}}
[debug] [2022-07-19T11:30:16.702Z] [runtime-status] [7481] Ephemeral server survived. {"metadata":{"emulator":{"name":"functions"},"function":{"name":"us-central1-api"},"extension":{},"message":"[runtime-status] [7481] Ephemeral server survived."}}
[info] i  functions: Finished "api" in ~1s {"metadata":{"emulator":{"name":"functions"},"function":{"name":"us-central1-api"},"extension":{},"message":"Finished \"api\" in ~1s"}}
[debug] [2022-07-19T11:30:17.151Z] [worker-us-central1-api-06337d04-f3fc-4692-9aac-81be522ba2cf]: IDLE {"metadata":{"emulator":{"name":"functions"},"message":"[worker-us-central1-api-06337d04-f3fc-4692-9aac-81be522ba2cf]: IDLE"}}
[debug] [2022-07-19T11:30:17.151Z] [work-queue] {"queueLength":0,"workRunningCount":0}
[debug] [2022-07-19T11:34:45.602Z] [work-queue] {"queueLength":1,"workRunningCount":0}
[debug] [2022-07-19T11:34:45.604Z] [work-queue] {"queueLength":0,"workRunningCount":1}
[debug] [2022-07-19T11:34:45.604Z] Accepted request GET /lighton-e6343/us-central1/api/places/nearby?type=restaurant --> us-central1-api
[debug] [2022-07-19T11:34:45.604Z] [worker-pool] submitWork(triggerId=us-central1-api) {"metadata":{"emulator":{"name":"functions"},"message":"[worker-pool] submitWork(triggerId=us-central1-api)"}}
[debug] [2022-07-19T11:34:45.605Z] [worker-us-central1-api-06337d04-f3fc-4692-9aac-81be522ba2cf]: Assigning socketPath: /var/folders/6c/b4sscwv52z57ph014w65lc_00000gn/T/fire_emu_7481.sock {"metadata":{"emulator":{"name":"functions"},"message":"[worker-us-central1-api-06337d04-f3fc-4692-9aac-81be522ba2cf]: Assigning socketPath: /var/folders/6c/b4sscwv52z57ph014w65lc_00000gn/T/fire_emu_7481.sock"}}
[debug] [2022-07-19T11:34:45.605Z] [worker-us-central1-api-06337d04-f3fc-4692-9aac-81be522ba2cf]: BUSY {"metadata":{"emulator":{"name":"functions"},"message":"[worker-us-central1-api-06337d04-f3fc-4692-9aac-81be522ba2cf]: BUSY"}}
[debug] [2022-07-19T11:34:45.609Z] [runtime-status] [7481] Beginning invocation function api! {"metadata":{"emulator":{"name":"functions"},"function":{"name":"us-central1-api"},"extension":{},"message":"[runtime-status] [7481] Beginning invocation function api!"}}
[info] i  functions: Beginning execution of "api" {"metadata":{"emulator":{"name":"functions"},"function":{"name":"us-central1-api"},"extension":{},"message":"Beginning execution of \"api\""}}
[debug] [2022-07-19T11:34:45.612Z] [runtime-status] [7481] Running api in signature http {"metadata":{"emulator":{"name":"functions"},"function":{"name":"us-central1-api"},"extension":{},"message":"[runtime-status] [7481] Running api in signature http"}}
[debug] [2022-07-19T11:34:45.612Z] [runtime-status] [7481] Attempting to listen to socketPath: /var/folders/6c/b4sscwv52z57ph014w65lc_00000gn/T/fire_emu_7481.sock {"metadata":{"emulator":{"name":"functions"},"function":{"name":"us-central1-api"},"extension":{},"message":"[runtime-status] [7481] Attempting to listen to socketPath: /var/folders/6c/b4sscwv52z57ph014w65lc_00000gn/T/fire_emu_7481.sock"}}
[debug] [2022-07-19T11:34:45.619Z] [functions] Runtime ready! Sending request! {"metadata":{"emulator":{"name":"functions"},"message":"[functions] Runtime ready! Sending request!"}}
[debug] [2022-07-19T11:34:45.620Z] [functions] Got req.url=/lighton-e6343/us-central1/api/places/nearby?type=restaurant, mapping to path=/places/nearby?type=restaurant {"metadata":{"emulator":{"name":"functions"},"message":"[functions] Got req.url=/lighton-e6343/us-central1/api/places/nearby?type=restaurant, mapping to path=/places/nearby?type=restaurant"}}
[debug] [2022-07-19T11:34:45.626Z] [runtime-status] [7481] Ephemeral server handling GET request {"metadata":{"emulator":{"name":"functions"},"function":{"name":"us-central1-api"},"extension":{},"message":"[runtime-status] [7481] Ephemeral server handling GET request"}}
[debug] [2022-07-19T11:34:45.635Z] [runtime-status] [7481] Ephemeral server survived. {"metadata":{"emulator":{"name":"functions"},"function":{"name":"us-central1-api"},"extension":{},"message":"[runtime-status] [7481] Ephemeral server survived."}}
[info] i  functions: Finished "api" in ~1s {"metadata":{"emulator":{"name":"functions"},"function":{"name":"us-central1-api"},"extension":{},"message":"Finished \"api\" in ~1s"}}
[debug] [2022-07-19T11:34:46.072Z] [worker-us-central1-api-06337d04-f3fc-4692-9aac-81be522ba2cf]: IDLE {"metadata":{"emulator":{"name":"functions"},"message":"[worker-us-central1-api-06337d04-f3fc-4692-9aac-81be522ba2cf]: IDLE"}}
[debug] [2022-07-19T11:34:46.072Z] [work-queue] {"queueLength":0,"workRunningCount":0}
[debug] [2022-07-19T11:39:24.931Z] [work-queue] {"queueLength":1,"workRunningCount":0}
[debug] [2022-07-19T11:39:24.931Z] [work-queue] {"queueLength":0,"workRunningCount":1}
[debug] [2022-07-19T11:39:24.931Z] Accepted request GET /lighton-e6343/us-central1/api/places/nearby?type=restaurant --> us-central1-api
[debug] [2022-07-19T11:39:24.931Z] [worker-pool] submitWork(triggerId=us-central1-api) {"metadata":{"emulator":{"name":"functions"},"message":"[worker-pool] submitWork(triggerId=us-central1-api)"}}
[debug] [2022-07-19T11:39:24.932Z] [worker-us-central1-api-06337d04-f3fc-4692-9aac-81be522ba2cf]: Assigning socketPath: /var/folders/6c/b4sscwv52z57ph014w65lc_00000gn/T/fire_emu_7481.sock {"metadata":{"emulator":{"name":"functions"},"message":"[worker-us-central1-api-06337d04-f3fc-4692-9aac-81be522ba2cf]: Assigning socketPath: /var/folders/6c/b4sscwv52z57ph014w65lc_00000gn/T/fire_emu_7481.sock"}}
[debug] [2022-07-19T11:39:24.932Z] [worker-us-central1-api-06337d04-f3fc-4692-9aac-81be522ba2cf]: BUSY {"metadata":{"emulator":{"name":"functions"},"message":"[worker-us-central1-api-06337d04-f3fc-4692-9aac-81be522ba2cf]: BUSY"}}
[debug] [2022-07-19T11:39:24.942Z] [runtime-status] [7481] Beginning invocation function api! {"metadata":{"emulator":{"name":"functions"},"function":{"name":"us-central1-api"},"extension":{},"message":"[runtime-status] [7481] Beginning invocation function api!"}}
[info] i  functions: Beginning execution of "api" {"metadata":{"emulator":{"name":"functions"},"function":{"name":"us-central1-api"},"extension":{},"message":"Beginning execution of \"api\""}}
[debug] [2022-07-19T11:39:24.943Z] [runtime-status] [7481] Running api in signature http {"metadata":{"emulator":{"name":"functions"},"function":{"name":"us-central1-api"},"extension":{},"message":"[runtime-status] [7481] Running api in signature http"}}
[debug] [2022-07-19T11:39:24.943Z] [runtime-status] [7481] Attempting to listen to socketPath: /var/folders/6c/b4sscwv52z57ph014w65lc_00000gn/T/fire_emu_7481.sock {"metadata":{"emulator":{"name":"functions"},"function":{"name":"us-central1-api"},"extension":{},"message":"[runtime-status] [7481] Attempting to listen to socketPath: /var/folders/6c/b4sscwv52z57ph014w65lc_00000gn/T/fire_emu_7481.sock"}}
[debug] [2022-07-19T11:39:24.948Z] [functions] Runtime ready! Sending request! {"metadata":{"emulator":{"name":"functions"},"message":"[functions] Runtime ready! Sending request!"}}
[debug] [2022-07-19T11:39:24.948Z] [functions] Got req.url=/lighton-e6343/us-central1/api/places/nearby?type=restaurant, mapping to path=/places/nearby?type=restaurant {"metadata":{"emulator":{"name":"functions"},"message":"[functions] Got req.url=/lighton-e6343/us-central1/api/places/nearby?type=restaurant, mapping to path=/places/nearby?type=restaurant"}}
[debug] [2022-07-19T11:39:24.957Z] [runtime-status] [7481] Ephemeral server handling GET request {"metadata":{"emulator":{"name":"functions"},"function":{"name":"us-central1-api"},"extension":{},"message":"[runtime-status] [7481] Ephemeral server handling GET request"}}
[debug] [2022-07-19T11:39:24.957Z] [runtime-status] [7481] Ephemeral server survived. {"metadata":{"emulator":{"name":"functions"},"function":{"name":"us-central1-api"},"extension":{},"message":"[runtime-status] [7481] Ephemeral server survived."}}
[info] i  functions: Finished "api" in ~1s {"metadata":{"emulator":{"name":"functions"},"function":{"name":"us-central1-api"},"extension":{},"message":"Finished \"api\" in ~1s"}}
[debug] [2022-07-19T11:39:25.332Z] [worker-us-central1-api-06337d04-f3fc-4692-9aac-81be522ba2cf]: IDLE {"metadata":{"emulator":{"name":"functions"},"message":"[worker-us-central1-api-06337d04-f3fc-4692-9aac-81be522ba2cf]: IDLE"}}
[debug] [2022-07-19T11:39:25.333Z] [work-queue] {"queueLength":0,"workRunningCount":0}
[debug] [2022-07-19T11:40:02.371Z] [work-queue] {"queueLength":1,"workRunningCount":0}
[debug] [2022-07-19T11:40:02.372Z] [work-queue] {"queueLength":0,"workRunningCount":1}
[debug] [2022-07-19T11:40:02.372Z] Accepted request GET /lighton-e6343/us-central1/api/places/nearby?type=restaurant --> us-central1-api
[debug] [2022-07-19T11:40:02.372Z] [worker-pool] submitWork(triggerId=us-central1-api) {"metadata":{"emulator":{"name":"functions"},"message":"[worker-pool] submitWork(triggerId=us-central1-api)"}}
[debug] [2022-07-19T11:40:02.372Z] [worker-us-central1-api-06337d04-f3fc-4692-9aac-81be522ba2cf]: Assigning socketPath: /var/folders/6c/b4sscwv52z57ph014w65lc_00000gn/T/fire_emu_7481.sock {"metadata":{"emulator":{"name":"functions"},"message":"[worker-us-central1-api-06337d04-f3fc-4692-9aac-81be522ba2cf]: Assigning socketPath: /var/folders/6c/b4sscwv52z57ph014w65lc_00000gn/T/fire_emu_7481.sock"}}
[debug] [2022-07-19T11:40:02.372Z] [worker-us-central1-api-06337d04-f3fc-4692-9aac-81be522ba2cf]: BUSY {"metadata":{"emulator":{"name":"functions"},"message":"[worker-us-central1-api-06337d04-f3fc-4692-9aac-81be522ba2cf]: BUSY"}}
[debug] [2022-07-19T11:40:02.372Z] [runtime-status] [7481] Beginning invocation function api! {"metadata":{"emulator":{"name":"functions"},"function":{"name":"us-central1-api"},"extension":{},"message":"[runtime-status] [7481] Beginning invocation function api!"}}
[info] i  functions: Beginning execution of "api" {"metadata":{"emulator":{"name":"functions"},"function":{"name":"us-central1-api"},"extension":{},"message":"Beginning execution of \"api\""}}
[debug] [2022-07-19T11:40:02.373Z] [runtime-status] [7481] Running api in signature http {"metadata":{"emulator":{"name":"functions"},"function":{"name":"us-central1-api"},"extension":{},"message":"[runtime-status] [7481] Running api in signature http"}}
[debug] [2022-07-19T11:40:02.373Z] [runtime-status] [7481] Attempting to listen to socketPath: /var/folders/6c/b4sscwv52z57ph014w65lc_00000gn/T/fire_emu_7481.sock {"metadata":{"emulator":{"name":"functions"},"function":{"name":"us-central1-api"},"extension":{},"message":"[runtime-status] [7481] Attempting to listen to socketPath: /var/folders/6c/b4sscwv52z57ph014w65lc_00000gn/T/fire_emu_7481.sock"}}
[debug] [2022-07-19T11:40:02.374Z] [functions] Runtime ready! Sending request! {"metadata":{"emulator":{"name":"functions"},"message":"[functions] Runtime ready! Sending request!"}}
[debug] [2022-07-19T11:40:02.375Z] [functions] Got req.url=/lighton-e6343/us-central1/api/places/nearby?type=restaurant, mapping to path=/places/nearby?type=restaurant {"metadata":{"emulator":{"name":"functions"},"message":"[functions] Got req.url=/lighton-e6343/us-central1/api/places/nearby?type=restaurant, mapping to path=/places/nearby?type=restaurant"}}
[debug] [2022-07-19T11:40:02.376Z] [runtime-status] [7481] Ephemeral server handling GET request {"metadata":{"emulator":{"name":"functions"},"function":{"name":"us-central1-api"},"extension":{},"message":"[runtime-status] [7481] Ephemeral server handling GET request"}}
[debug] [2022-07-19T11:40:02.378Z] [runtime-status] [7481] Ephemeral server survived. {"metadata":{"emulator":{"name":"functions"},"function":{"name":"us-central1-api"},"extension":{},"message":"[runtime-status] [7481] Ephemeral server survived."}}
[info] i  functions: Finished "api" in ~1s {"metadata":{"emulator":{"name":"functions"},"function":{"name":"us-central1-api"},"extension":{},"message":"Finished \"api\" in ~1s"}}
[debug] [2022-07-19T11:40:02.618Z] [worker-us-central1-api-06337d04-f3fc-4692-9aac-81be522ba2cf]: IDLE {"metadata":{"emulator":{"name":"functions"},"message":"[worker-us-central1-api-06337d04-f3fc-4692-9aac-81be522ba2cf]: IDLE"}}
[debug] [2022-07-19T11:40:02.618Z] [work-queue] {"queueLength":0,"workRunningCount":0}
